<?xml version="1.0" encoding="UTF-8"?>
<!-- Generated by org.testng.reporters.JUnitXMLReporter -->
<testsuite hostname="HIBAML55110" ignored="0" name="Test" tests="49" failures="6" timestamp="26 Sep 2018 07:50:45 GMT" time="1481.705" errors="0">
  <testcase name="@AfterMethod teardown" time="2.538" classname="auto.utility.Init">
    <failure type="org.openqa.selenium.NoSuchSessionException" message="Session ID is null. Using WebDriver after calling quit()?
Build info: version: &amp;apos;3.14.0&amp;apos;, revision: &amp;apos;aacccce0&amp;apos;, time: &amp;apos;2018-08-02T20:19:58.91Z&amp;apos;
System info: host: &amp;apos;HIBAML55110&amp;apos;, ip: &amp;apos;10.45.32.240&amp;apos;, os.name: &amp;apos;Windows 10&amp;apos;, os.arch: &amp;apos;amd64&amp;apos;, os.version: &amp;apos;10.0&amp;apos;, java.version: &amp;apos;1.8.0_172&amp;apos;
Driver info: driver.version: RemoteWebDriver">
      <![CDATA[org.openqa.selenium.NoSuchSessionException: Session ID is null. Using WebDriver after calling quit()?
Build info: version: '3.14.0', revision: 'aacccce0', time: '2018-08-02T20:19:58.91Z'
System info: host: 'HIBAML55110', ip: '10.45.32.240', os.name: 'Windows 10', os.arch: 'amd64', os.version: '10.0', java.version: '1.8.0_172'
Driver info: driver.version: RemoteWebDriver
at org.openqa.selenium.remote.HttpCommandExecutor.execute(HttpCommandExecutor.java:125)
at org.openqa.selenium.remote.service.DriverCommandExecutor.execute(DriverCommandExecutor.java:83)
at org.openqa.selenium.remote.RemoteWebDriver.execute(RemoteWebDriver.java:548)
at org.openqa.selenium.remote.RemoteWebDriver.execute(RemoteWebDriver.java:605)
at org.openqa.selenium.remote.RemoteWebDriver.getScreenshotAs(RemoteWebDriver.java:294)
at auto.utility.Utility.getScreenshot(Utility.java:15)
at auto.utility.Init.teardown(Init.java:79)
... Removed 28 stack frames]]>
    </failure>
  </testcase> <!-- @AfterMethod teardown -->
  <testcase name="@AfterMethod teardown" time="5.06" classname="auto.utility.Init">
    <failure type="org.openqa.selenium.NoSuchSessionException" message="Session ID is null. Using WebDriver after calling quit()?
Build info: version: &amp;apos;3.14.0&amp;apos;, revision: &amp;apos;aacccce0&amp;apos;, time: &amp;apos;2018-08-02T20:19:58.91Z&amp;apos;
System info: host: &amp;apos;HIBAML55110&amp;apos;, ip: &amp;apos;10.45.32.240&amp;apos;, os.name: &amp;apos;Windows 10&amp;apos;, os.arch: &amp;apos;amd64&amp;apos;, os.version: &amp;apos;10.0&amp;apos;, java.version: &amp;apos;1.8.0_172&amp;apos;
Driver info: driver.version: RemoteWebDriver">
      <![CDATA[org.openqa.selenium.NoSuchSessionException: Session ID is null. Using WebDriver after calling quit()?
Build info: version: '3.14.0', revision: 'aacccce0', time: '2018-08-02T20:19:58.91Z'
System info: host: 'HIBAML55110', ip: '10.45.32.240', os.name: 'Windows 10', os.arch: 'amd64', os.version: '10.0', java.version: '1.8.0_172'
Driver info: driver.version: RemoteWebDriver
at org.openqa.selenium.remote.HttpCommandExecutor.execute(HttpCommandExecutor.java:125)
at org.openqa.selenium.remote.service.DriverCommandExecutor.execute(DriverCommandExecutor.java:83)
at org.openqa.selenium.remote.RemoteWebDriver.execute(RemoteWebDriver.java:548)
at org.openqa.selenium.remote.RemoteWebDriver.execute(RemoteWebDriver.java:605)
at org.openqa.selenium.remote.RemoteWebDriver.getScreenshotAs(RemoteWebDriver.java:294)
at auto.utility.Utility.getScreenshot(Utility.java:15)
at auto.utility.Init.teardown(Init.java:79)
... Removed 28 stack frames]]>
    </failure>
  </testcase> <!-- @AfterMethod teardown -->
  <testcase name="@AfterMethod teardown" time="3.448" classname="auto.utility.Init">
    <failure type="org.openqa.selenium.NoSuchSessionException" message="Session ID is null. Using WebDriver after calling quit()?
Build info: version: &amp;apos;3.14.0&amp;apos;, revision: &amp;apos;aacccce0&amp;apos;, time: &amp;apos;2018-08-02T20:19:58.91Z&amp;apos;
System info: host: &amp;apos;HIBAML55110&amp;apos;, ip: &amp;apos;10.45.32.240&amp;apos;, os.name: &amp;apos;Windows 10&amp;apos;, os.arch: &amp;apos;amd64&amp;apos;, os.version: &amp;apos;10.0&amp;apos;, java.version: &amp;apos;1.8.0_172&amp;apos;
Driver info: driver.version: RemoteWebDriver">
      <![CDATA[org.openqa.selenium.NoSuchSessionException: Session ID is null. Using WebDriver after calling quit()?
Build info: version: '3.14.0', revision: 'aacccce0', time: '2018-08-02T20:19:58.91Z'
System info: host: 'HIBAML55110', ip: '10.45.32.240', os.name: 'Windows 10', os.arch: 'amd64', os.version: '10.0', java.version: '1.8.0_172'
Driver info: driver.version: RemoteWebDriver
at org.openqa.selenium.remote.HttpCommandExecutor.execute(HttpCommandExecutor.java:125)
at org.openqa.selenium.remote.service.DriverCommandExecutor.execute(DriverCommandExecutor.java:83)
at org.openqa.selenium.remote.RemoteWebDriver.execute(RemoteWebDriver.java:548)
at org.openqa.selenium.remote.RemoteWebDriver.execute(RemoteWebDriver.java:605)
at org.openqa.selenium.remote.RemoteWebDriver.getScreenshotAs(RemoteWebDriver.java:294)
at auto.utility.Utility.getScreenshot(Utility.java:15)
at auto.utility.Init.teardown(Init.java:79)
... Removed 28 stack frames]]>
    </failure>
  </testcase> <!-- @AfterMethod teardown -->
  <testcase name="@AfterMethod teardown" time="4.799" classname="auto.utility.Init">
    <failure type="org.openqa.selenium.NoSuchSessionException" message="Session ID is null. Using WebDriver after calling quit()?
Build info: version: &amp;apos;3.14.0&amp;apos;, revision: &amp;apos;aacccce0&amp;apos;, time: &amp;apos;2018-08-02T20:19:58.91Z&amp;apos;
System info: host: &amp;apos;HIBAML55110&amp;apos;, ip: &amp;apos;10.45.32.240&amp;apos;, os.name: &amp;apos;Windows 10&amp;apos;, os.arch: &amp;apos;amd64&amp;apos;, os.version: &amp;apos;10.0&amp;apos;, java.version: &amp;apos;1.8.0_172&amp;apos;
Driver info: driver.version: RemoteWebDriver">
      <![CDATA[org.openqa.selenium.NoSuchSessionException: Session ID is null. Using WebDriver after calling quit()?
Build info: version: '3.14.0', revision: 'aacccce0', time: '2018-08-02T20:19:58.91Z'
System info: host: 'HIBAML55110', ip: '10.45.32.240', os.name: 'Windows 10', os.arch: 'amd64', os.version: '10.0', java.version: '1.8.0_172'
Driver info: driver.version: RemoteWebDriver
at org.openqa.selenium.remote.HttpCommandExecutor.execute(HttpCommandExecutor.java:125)
at org.openqa.selenium.remote.service.DriverCommandExecutor.execute(DriverCommandExecutor.java:83)
at org.openqa.selenium.remote.RemoteWebDriver.execute(RemoteWebDriver.java:548)
at org.openqa.selenium.remote.RemoteWebDriver.execute(RemoteWebDriver.java:605)
at org.openqa.selenium.remote.RemoteWebDriver.getScreenshotAs(RemoteWebDriver.java:294)
at auto.utility.Utility.getScreenshot(Utility.java:15)
at auto.utility.Init.teardown(Init.java:79)
... Removed 27 stack frames]]>
    </failure>
  </testcase> <!-- @AfterMethod teardown -->
  <testcase name="@AfterMethod teardown" time="3.535" classname="auto.utility.Init">
    <failure type="org.openqa.selenium.NoSuchSessionException" message="Session ID is null. Using WebDriver after calling quit()?
Build info: version: &amp;apos;3.14.0&amp;apos;, revision: &amp;apos;aacccce0&amp;apos;, time: &amp;apos;2018-08-02T20:19:58.91Z&amp;apos;
System info: host: &amp;apos;HIBAML55110&amp;apos;, ip: &amp;apos;10.45.32.240&amp;apos;, os.name: &amp;apos;Windows 10&amp;apos;, os.arch: &amp;apos;amd64&amp;apos;, os.version: &amp;apos;10.0&amp;apos;, java.version: &amp;apos;1.8.0_172&amp;apos;
Driver info: driver.version: RemoteWebDriver">
      <![CDATA[org.openqa.selenium.NoSuchSessionException: Session ID is null. Using WebDriver after calling quit()?
Build info: version: '3.14.0', revision: 'aacccce0', time: '2018-08-02T20:19:58.91Z'
System info: host: 'HIBAML55110', ip: '10.45.32.240', os.name: 'Windows 10', os.arch: 'amd64', os.version: '10.0', java.version: '1.8.0_172'
Driver info: driver.version: RemoteWebDriver
at org.openqa.selenium.remote.HttpCommandExecutor.execute(HttpCommandExecutor.java:125)
at org.openqa.selenium.remote.service.DriverCommandExecutor.execute(DriverCommandExecutor.java:83)
at org.openqa.selenium.remote.RemoteWebDriver.execute(RemoteWebDriver.java:548)
at org.openqa.selenium.remote.RemoteWebDriver.execute(RemoteWebDriver.java:605)
at org.openqa.selenium.remote.RemoteWebDriver.getScreenshotAs(RemoteWebDriver.java:294)
at auto.utility.Utility.getScreenshot(Utility.java:15)
at auto.utility.Init.teardown(Init.java:79)
... Removed 27 stack frames]]>
    </failure>
  </testcase> <!-- @AfterMethod teardown -->
  <testcase name="@AfterMethod teardown" time="4.194" classname="auto.utility.Init">
    <failure type="org.openqa.selenium.NoSuchSessionException" message="Session ID is null. Using WebDriver after calling quit()?
Build info: version: &amp;apos;3.14.0&amp;apos;, revision: &amp;apos;aacccce0&amp;apos;, time: &amp;apos;2018-08-02T20:19:58.91Z&amp;apos;
System info: host: &amp;apos;HIBAML55110&amp;apos;, ip: &amp;apos;10.45.32.240&amp;apos;, os.name: &amp;apos;Windows 10&amp;apos;, os.arch: &amp;apos;amd64&amp;apos;, os.version: &amp;apos;10.0&amp;apos;, java.version: &amp;apos;1.8.0_172&amp;apos;
Driver info: driver.version: RemoteWebDriver">
      <![CDATA[org.openqa.selenium.NoSuchSessionException: Session ID is null. Using WebDriver after calling quit()?
Build info: version: '3.14.0', revision: 'aacccce0', time: '2018-08-02T20:19:58.91Z'
System info: host: 'HIBAML55110', ip: '10.45.32.240', os.name: 'Windows 10', os.arch: 'amd64', os.version: '10.0', java.version: '1.8.0_172'
Driver info: driver.version: RemoteWebDriver
at org.openqa.selenium.remote.HttpCommandExecutor.execute(HttpCommandExecutor.java:125)
at org.openqa.selenium.remote.service.DriverCommandExecutor.execute(DriverCommandExecutor.java:83)
at org.openqa.selenium.remote.RemoteWebDriver.execute(RemoteWebDriver.java:548)
at org.openqa.selenium.remote.RemoteWebDriver.execute(RemoteWebDriver.java:605)
at org.openqa.selenium.remote.RemoteWebDriver.getScreenshotAs(RemoteWebDriver.java:294)
at auto.utility.Utility.getScreenshot(Utility.java:15)
at auto.utility.Init.teardown(Init.java:79)
... Removed 27 stack frames]]>
    </failure>
  </testcase> <!-- @AfterMethod teardown -->
  <testcase name="loginTest" time="0.04" classname="auto.utility.Init"/>
  <testcase name="testDragAndDrop" time="1.676" classname="auto.testcases.TestDragAndDrop"/>
  <testcase name="loginTest" time="0.02" classname="auto.utility.Init"/>
  <testcase name="testClickForJSAlert" time="0.996" classname="auto.testcases.TestAlert"/>
  <testcase name="testClickForJSConfirm" time="0.999" classname="auto.testcases.TestAlert"/>
  <testcase name="testClickForJSPrompt" time="1.047" classname="auto.testcases.TestAlert"/>
  <testcase name="loginTest" time="0.024" classname="auto.utility.Init"/>
  <testcase name="testCheckboxPage" time="6.306" classname="auto.testcases.TestCheckboxPage">
    <failure type="org.openqa.selenium.NoSuchElementException" message="Unable to locate element: //form[@id=&amp;apos;checkboxes&amp;apos;]/input[3]
For documentation on this error, please visit: http://seleniumhq.org/exceptions/no_such_element.html
Build info: version: &amp;apos;3.14.0&amp;apos;, revision: &amp;apos;aacccce0&amp;apos;, time: &amp;apos;2018-08-02T20:19:58.91Z&amp;apos;
System info: host: &amp;apos;HIBAML55110&amp;apos;, ip: &amp;apos;10.45.32.240&amp;apos;, os.name: &amp;apos;Windows 10&amp;apos;, os.arch: &amp;apos;amd64&amp;apos;, os.version: &amp;apos;10.0&amp;apos;, java.version: &amp;apos;1.8.0_172&amp;apos;
Driver info: org.openqa.selenium.firefox.FirefoxDriver
Capabilities {acceptInsecureCerts: true, browserName: firefox, browserVersion: 61.0.2, javascriptEnabled: true, moz:accessibilityChecks: false, moz:geckodriverVersion: 0.22.0, moz:headless: false, moz:processID: 6640, moz:profile: C:\Users\insthimmap\AppData..., moz:useNonSpecCompliantPointerOrigin: false, moz:webdriverClick: true, pageLoadStrategy: normal, platform: XP, platformName: XP, platformVersion: 10.0, rotatable: false, timeouts: {implicit: 0, pageLoad: 300000, script: 30000}}
Session ID: 618edb03-3044-42d6-bd35-c1260b39eb0b
*** Element info: {Using=xpath, value=//form[@id=&amp;apos;checkboxes&amp;apos;]/input[3]}">
      <![CDATA[org.openqa.selenium.NoSuchElementException: Unable to locate element: //form[@id='checkboxes']/input[3]
For documentation on this error, please visit: http://seleniumhq.org/exceptions/no_such_element.html
Build info: version: '3.14.0', revision: 'aacccce0', time: '2018-08-02T20:19:58.91Z'
System info: host: 'HIBAML55110', ip: '10.45.32.240', os.name: 'Windows 10', os.arch: 'amd64', os.version: '10.0', java.version: '1.8.0_172'
Driver info: org.openqa.selenium.firefox.FirefoxDriver
Capabilities {acceptInsecureCerts: true, browserName: firefox, browserVersion: 61.0.2, javascriptEnabled: true, moz:accessibilityChecks: false, moz:geckodriverVersion: 0.22.0, moz:headless: false, moz:processID: 6640, moz:profile: C:\Users\insthimmap\AppData..., moz:useNonSpecCompliantPointerOrigin: false, moz:webdriverClick: true, pageLoadStrategy: normal, platform: XP, platformName: XP, platformVersion: 10.0, rotatable: false, timeouts: {implicit: 0, pageLoad: 300000, script: 30000}}
Session ID: 618edb03-3044-42d6-bd35-c1260b39eb0b
*** Element info: {Using=xpath, value=//form[@id='checkboxes']/input[3]}
at org.openqa.selenium.remote.http.W3CHttpResponseCodec.createException(W3CHttpResponseCodec.java:187)
at org.openqa.selenium.remote.http.W3CHttpResponseCodec.decode(W3CHttpResponseCodec.java:122)
at org.openqa.selenium.remote.http.W3CHttpResponseCodec.decode(W3CHttpResponseCodec.java:49)
at org.openqa.selenium.remote.HttpCommandExecutor.execute(HttpCommandExecutor.java:158)
at org.openqa.selenium.remote.service.DriverCommandExecutor.execute(DriverCommandExecutor.java:83)
at org.openqa.selenium.remote.RemoteWebDriver.execute(RemoteWebDriver.java:548)
at org.openqa.selenium.remote.RemoteWebDriver.findElement(RemoteWebDriver.java:322)
at org.openqa.selenium.remote.RemoteWebDriver.findElementByXPath(RemoteWebDriver.java:424)
at org.openqa.selenium.By$ByXPath.findElement(By.java:353)
at org.openqa.selenium.remote.RemoteWebDriver.findElement(RemoteWebDriver.java:314)
at auto.pages.CheckboxesPage.clickOnCheckbox(CheckboxesPage.java:38)
at auto.testcases.TestCheckboxPage.testCheckboxPage(TestCheckboxPage.java:23)
... Removed 29 stack frames]]>
    </failure>
  </testcase> <!-- testCheckboxPage -->
  <testcase name="testCheckboxViaSmartWay" time="0.0" classname="auto.testcases.TestCheckboxPage">
    <skipped/>
  </testcase> <!-- testCheckboxViaSmartWay -->
  <testcase name="testToSelectAllCheckboxes" time="0.0" classname="auto.testcases.TestCheckboxPage">
    <skipped/>
  </testcase> <!-- testToSelectAllCheckboxes -->
  <testcase name="loginTest" time="0.028" classname="auto.utility.Init"/>
  <testcase name="testChallengingPage" time="3.503" classname="auto.testcases.TestContextMenuPage">
    <failure type="org.openqa.selenium.NoAlertPresentException" message="No modal dialog is currently open
Build info: version: &amp;apos;3.14.0&amp;apos;, revision: &amp;apos;aacccce0&amp;apos;, time: &amp;apos;2018-08-02T20:19:58.91Z&amp;apos;
System info: host: &amp;apos;HIBAML55110&amp;apos;, ip: &amp;apos;10.45.32.240&amp;apos;, os.name: &amp;apos;Windows 10&amp;apos;, os.arch: &amp;apos;amd64&amp;apos;, os.version: &amp;apos;10.0&amp;apos;, java.version: &amp;apos;1.8.0_172&amp;apos;
Driver info: org.openqa.selenium.firefox.FirefoxDriver
Capabilities {acceptInsecureCerts: true, browserName: firefox, browserVersion: 61.0.2, javascriptEnabled: true, moz:accessibilityChecks: false, moz:geckodriverVersion: 0.22.0, moz:headless: false, moz:processID: 9324, moz:profile: C:\Users\insthimmap\AppData..., moz:useNonSpecCompliantPointerOrigin: false, moz:webdriverClick: true, pageLoadStrategy: normal, platform: XP, platformName: XP, platformVersion: 10.0, rotatable: false, timeouts: {implicit: 0, pageLoad: 300000, script: 30000}}
Session ID: 23a9e51f-bb9c-443c-ba02-ec03d4b503ba">
      <![CDATA[org.openqa.selenium.NoAlertPresentException: No modal dialog is currently open
Build info: version: '3.14.0', revision: 'aacccce0', time: '2018-08-02T20:19:58.91Z'
System info: host: 'HIBAML55110', ip: '10.45.32.240', os.name: 'Windows 10', os.arch: 'amd64', os.version: '10.0', java.version: '1.8.0_172'
Driver info: org.openqa.selenium.firefox.FirefoxDriver
Capabilities {acceptInsecureCerts: true, browserName: firefox, browserVersion: 61.0.2, javascriptEnabled: true, moz:accessibilityChecks: false, moz:geckodriverVersion: 0.22.0, moz:headless: false, moz:processID: 9324, moz:profile: C:\Users\insthimmap\AppData..., moz:useNonSpecCompliantPointerOrigin: false, moz:webdriverClick: true, pageLoadStrategy: normal, platform: XP, platformName: XP, platformVersion: 10.0, rotatable: false, timeouts: {implicit: 0, pageLoad: 300000, script: 30000}}
Session ID: 23a9e51f-bb9c-443c-ba02-ec03d4b503ba
at org.openqa.selenium.remote.http.W3CHttpResponseCodec.createException(W3CHttpResponseCodec.java:187)
at org.openqa.selenium.remote.http.W3CHttpResponseCodec.decode(W3CHttpResponseCodec.java:122)
at org.openqa.selenium.remote.http.W3CHttpResponseCodec.decode(W3CHttpResponseCodec.java:49)
at org.openqa.selenium.remote.HttpCommandExecutor.execute(HttpCommandExecutor.java:158)
at org.openqa.selenium.remote.service.DriverCommandExecutor.execute(DriverCommandExecutor.java:83)
at org.openqa.selenium.remote.RemoteWebDriver.execute(RemoteWebDriver.java:548)
at org.openqa.selenium.remote.RemoteWebDriver.execute(RemoteWebDriver.java:605)
at org.openqa.selenium.remote.RemoteWebDriver$RemoteTargetLocator.alert(RemoteWebDriver.java:928)
at auto.pages.ContextMenuPage.verifyContextMenu(ContextMenuPage.java:43)
at auto.testcases.TestContextMenuPage.testChallengingPage(TestContextMenuPage.java:23)
... Removed 29 stack frames]]>
    </failure>
  </testcase> <!-- testChallengingPage -->
  <testcase name="loginTest" time="0.012" classname="auto.utility.Init"/>
  <testcase name="testFrame" time="1.25" classname="auto.testcases.TestFileUploader">
    <failure type="org.openqa.selenium.InvalidArgumentException" message="File not found: E:\eclipse\selLearning\download\menu.pdf
Build info: version: &amp;apos;3.14.0&amp;apos;, revision: &amp;apos;aacccce0&amp;apos;, time: &amp;apos;2018-08-02T20:19:58.91Z&amp;apos;
System info: host: &amp;apos;HIBAML55110&amp;apos;, ip: &amp;apos;10.45.32.240&amp;apos;, os.name: &amp;apos;Windows 10&amp;apos;, os.arch: &amp;apos;amd64&amp;apos;, os.version: &amp;apos;10.0&amp;apos;, java.version: &amp;apos;1.8.0_172&amp;apos;
Driver info: org.openqa.selenium.firefox.FirefoxDriver
Capabilities {acceptInsecureCerts: true, browserName: firefox, browserVersion: 61.0.2, javascriptEnabled: true, moz:accessibilityChecks: false, moz:geckodriverVersion: 0.22.0, moz:headless: false, moz:processID: 18092, moz:profile: C:\Users\insthimmap\AppData..., moz:useNonSpecCompliantPointerOrigin: false, moz:webdriverClick: true, pageLoadStrategy: normal, platform: XP, platformName: XP, platformVersion: 10.0, rotatable: false, timeouts: {implicit: 0, pageLoad: 300000, script: 30000}}
Session ID: c9ee4c49-b2bc-4f0c-8b76-e76a2722efea">
      <![CDATA[org.openqa.selenium.InvalidArgumentException: File not found: E:\eclipse\selLearning\download\menu.pdf
Build info: version: '3.14.0', revision: 'aacccce0', time: '2018-08-02T20:19:58.91Z'
System info: host: 'HIBAML55110', ip: '10.45.32.240', os.name: 'Windows 10', os.arch: 'amd64', os.version: '10.0', java.version: '1.8.0_172'
Driver info: org.openqa.selenium.firefox.FirefoxDriver
Capabilities {acceptInsecureCerts: true, browserName: firefox, browserVersion: 61.0.2, javascriptEnabled: true, moz:accessibilityChecks: false, moz:geckodriverVersion: 0.22.0, moz:headless: false, moz:processID: 18092, moz:profile: C:\Users\insthimmap\AppData..., moz:useNonSpecCompliantPointerOrigin: false, moz:webdriverClick: true, pageLoadStrategy: normal, platform: XP, platformName: XP, platformVersion: 10.0, rotatable: false, timeouts: {implicit: 0, pageLoad: 300000, script: 30000}}
Session ID: c9ee4c49-b2bc-4f0c-8b76-e76a2722efea
at org.openqa.selenium.remote.http.W3CHttpResponseCodec.createException(W3CHttpResponseCodec.java:187)
at org.openqa.selenium.remote.http.W3CHttpResponseCodec.decode(W3CHttpResponseCodec.java:122)
at org.openqa.selenium.remote.http.W3CHttpResponseCodec.decode(W3CHttpResponseCodec.java:49)
at org.openqa.selenium.remote.HttpCommandExecutor.execute(HttpCommandExecutor.java:158)
at org.openqa.selenium.remote.service.DriverCommandExecutor.execute(DriverCommandExecutor.java:83)
at org.openqa.selenium.remote.RemoteWebDriver.execute(RemoteWebDriver.java:548)
at org.openqa.selenium.remote.RemoteWebElement.execute(RemoteWebElement.java:276)
at org.openqa.selenium.remote.RemoteWebElement.sendKeys(RemoteWebElement.java:100)
at auto.utility.Services.assertAndType(Services.java:43)
at auto.pages.FileUploaderPage.verifyFileUpload(FileUploaderPage.java:39)
at auto.testcases.TestFileUploader.testFrame(TestFileUploader.java:23)
... Removed 29 stack frames]]>
    </failure>
  </testcase> <!-- testFrame -->
  <testcase name="loginTest" time="0.009" classname="auto.utility.Init"/>
  <testcase name="testFrame" time="1.225" classname="auto.testcases.TestHover"/>
  <testcase name="loginTest" time="0.009" classname="auto.utility.Init"/>
  <testcase name="testWelcomePage" time="0.198" classname="auto.testcases.TestWelcomePage">
    <failure type="java.lang.AssertionError" message="expected [true] but found [false]">
      <![CDATA[java.lang.AssertionError: expected [true] but found [false]
at auto.testcases.TestWelcomePage.testWelcomePage(TestWelcomePage.java:20)
... Removed 29 stack frames]]>
    </failure>
  </testcase> <!-- testWelcomePage -->
  <testcase name="loginTest" time="0.023" classname="auto.utility.Init"/>
  <testcase name="testLargeDeepDOM" time="4.74" classname="auto.testcases.TestLargeDeepDOM"/>
  <testcase name="loginTest" time="0.009" classname="auto.utility.Init"/>
  <testcase name="testFrame" time="11.454" classname="auto.testcases.TestFileDownloader"/>
  <testcase name="loginTest" time="0.009" classname="auto.utility.Init"/>
  <testcase name="testDynamicLoadingsHidden" time="7.508" classname="auto.testcases.TestDynamicLoadings"/>
  <testcase name="testDynamicLoadingsRender" time="14.222" classname="auto.testcases.TestDynamicLoadings"/>
  <testcase name="loginTest" time="0.009" classname="auto.utility.Init"/>
  <testcase name="testLogin" time="4.527" classname="auto.testcases.TestLogin"/>
  <testcase name="testLoginWithInvalidUser" time="2.902" classname="auto.testcases.TestLogin"/>
  <testcase name="loginTest" time="0.012" classname="auto.utility.Init"/>
  <testcase name="testChallengingPage" time="13.77" classname="auto.testcases.TestDisappearingElementsPage"/>
  <testcase name="loginTest" time="0.013" classname="auto.utility.Init"/>
  <testcase name="testKeyPresses" time="3.986" classname="auto.testcases.TestKeyPresses"/>
  <testcase name="loginTest" time="0.011" classname="auto.utility.Init"/>
  <testcase name="testDropdownPage" time="4.65" classname="auto.testcases.TestDropdownPage"/>
  <testcase name="loginTest" time="0.0" classname="auto.utility.Init">
    <skipped/>
  </testcase> <!-- loginTest -->
  <testcase name="loginTest" time="0.015" classname="auto.utility.Init"/>
  <testcase name="testFrame" time="4.679" classname="auto.testcases.TestHorizontalSlider"/>
  <testcase name="loginTest" time="0.01" classname="auto.utility.Init"/>
  <testcase name="testFrame" time="19.257" classname="auto.testcases.TestMultipleWindows"/>
  <testcase name="loginTest" time="0.012" classname="auto.utility.Init"/>
  <testcase name="testDynamicControlsAdd" time="8.569" classname="auto.testcases.TestDynamicControls">
    <failure type="java.lang.AssertionError" message="Element //button[@id=&amp;apos;btn&amp;apos;] not found. expected [true] but found [false]">
      <![CDATA[java.lang.AssertionError: Element //button[@id='btn'] not found. expected [true] but found [false]
at auto.utility.Services.assertElementPresentByXpath(Services.java:50)
at auto.utility.Services.assertAndClick(Services.java:35)
at auto.pages.DynamicControlsPage.verifyRemove(DynamicControlsPage.java:32)
at auto.pages.DynamicControlsPage.verifyAdd(DynamicControlsPage.java:39)
at auto.testcases.TestDynamicControls.testDynamicControlsAdd(TestDynamicControls.java:35)
... Removed 28 stack frames]]>
    </failure>
  </testcase> <!-- testDynamicControlsAdd -->
  <testcase name="testDynamicControlsRemove" time="0.0" classname="auto.testcases.TestDynamicControls">
    <skipped/>
  </testcase> <!-- testDynamicControlsRemove -->
  <testcase name="loginTest" time="0.022" classname="auto.utility.Init"/>
  <testcase name="testFrame" time="11.422" classname="auto.testcases.TestInfiniteScroll"/>
  <testcase name="loginTest" time="0.008" classname="auto.utility.Init"/>
  <testcase name="testChallengingPage" time="10.402" classname="auto.testcases.TestChallengingDomPage"/>
  <testcase name="loginTest" time="0.008" classname="auto.utility.Init"/>
  <testcase name="testFrame" time="2.093" classname="auto.testcases.TestFrame"/>
  <testcase name="testIFrame" time="5.285" classname="auto.testcases.TestFrame">
    <failure type="org.openqa.selenium.ElementNotInteractableException" message="Element &amp;lt;p&amp;gt; could not be scrolled into view
Build info: version: &amp;apos;3.14.0&amp;apos;, revision: &amp;apos;aacccce0&amp;apos;, time: &amp;apos;2018-08-02T20:19:58.91Z&amp;apos;
System info: host: &amp;apos;HIBAML55110&amp;apos;, ip: &amp;apos;10.45.32.240&amp;apos;, os.name: &amp;apos;Windows 10&amp;apos;, os.arch: &amp;apos;amd64&amp;apos;, os.version: &amp;apos;10.0&amp;apos;, java.version: &amp;apos;1.8.0_172&amp;apos;
Driver info: org.openqa.selenium.firefox.FirefoxDriver
Capabilities {acceptInsecureCerts: true, browserName: firefox, browserVersion: 61.0.2, javascriptEnabled: true, moz:accessibilityChecks: false, moz:geckodriverVersion: 0.22.0, moz:headless: false, moz:processID: 11888, moz:profile: C:\Users\insthimmap\AppData..., moz:useNonSpecCompliantPointerOrigin: false, moz:webdriverClick: true, pageLoadStrategy: normal, platform: XP, platformName: XP, platformVersion: 10.0, rotatable: false, timeouts: {implicit: 0, pageLoad: 300000, script: 30000}}
Session ID: b5d35a11-fc2c-4c7f-a6ad-32c7e795172d">
      <![CDATA[org.openqa.selenium.ElementNotInteractableException: Element <p> could not be scrolled into view
Build info: version: '3.14.0', revision: 'aacccce0', time: '2018-08-02T20:19:58.91Z'
System info: host: 'HIBAML55110', ip: '10.45.32.240', os.name: 'Windows 10', os.arch: 'amd64', os.version: '10.0', java.version: '1.8.0_172'
Driver info: org.openqa.selenium.firefox.FirefoxDriver
Capabilities {acceptInsecureCerts: true, browserName: firefox, browserVersion: 61.0.2, javascriptEnabled: true, moz:accessibilityChecks: false, moz:geckodriverVersion: 0.22.0, moz:headless: false, moz:processID: 11888, moz:profile: C:\Users\insthimmap\AppData..., moz:useNonSpecCompliantPointerOrigin: false, moz:webdriverClick: true, pageLoadStrategy: normal, platform: XP, platformName: XP, platformVersion: 10.0, rotatable: false, timeouts: {implicit: 0, pageLoad: 300000, script: 30000}}
Session ID: b5d35a11-fc2c-4c7f-a6ad-32c7e795172d
at org.openqa.selenium.remote.http.W3CHttpResponseCodec.createException(W3CHttpResponseCodec.java:187)
at org.openqa.selenium.remote.http.W3CHttpResponseCodec.decode(W3CHttpResponseCodec.java:122)
at org.openqa.selenium.remote.http.W3CHttpResponseCodec.decode(W3CHttpResponseCodec.java:49)
at org.openqa.selenium.remote.HttpCommandExecutor.execute(HttpCommandExecutor.java:158)
at org.openqa.selenium.remote.service.DriverCommandExecutor.execute(DriverCommandExecutor.java:83)
at org.openqa.selenium.remote.RemoteWebDriver.execute(RemoteWebDriver.java:548)
at org.openqa.selenium.remote.RemoteWebElement.execute(RemoteWebElement.java:276)
at org.openqa.selenium.remote.RemoteWebElement.click(RemoteWebElement.java:83)
at auto.pages.FramesPage.getIFrame(FramesPage.java:77)
at auto.testcases.TestFrame.testIFrame(TestFrame.java:38)
... Removed 29 stack frames]]>
    </failure>
  </testcase> <!-- testIFrame -->
</testsuite> <!-- Test -->
